<?xml version="1.0" encoding="UTF-8"?>
<!-- Generated by org.testng.reporters.JUnitReportReporter -->
<testsuite hostname="TYSS-4F-049" name="com.puma.Script.AddProductTest" tests="1" failures="0" timestamp="8 May 2018 12:09:05 GMT" time="186.585" errors="0">
  <testcase name="addProduct" time="186.585" classname="com.puma.Script.AddProductTest"/>
</testsuite> <!-- com.puma.Script.AddProductTest -->
